# JRE version: Java(TM) SE Runtime Environment 18.9 (11.0.8+10) (build 11.0.8+10-LTS)
# Java VM: Java HotSpot(TM) 64-Bit Server VM 18.9 (11.0.8+10-LTS, mixed mode, tiered, compressed oops, g1 gc, windows-amd64)
Heap:
 garbage-first heap   total 78848K, used 12735K [0x00000000c1c00000, 0x0000000100000000)
  region size 1024K, 7 young (7168K), 4 survivors (4096K)
 Metaspace       used 30824K, capacity 31573K, committed 31744K, reserved 1077248K
  class space    used 3465K, capacity 3741K, committed 3840K, reserved 1048576K
GC Heap History (10 events):
Event: 2.241 GC heap before
{Heap before GC invocations=2 (full 0):
 garbage-first heap   total 65536K, used 29660K [0x00000000c1c00000, 0x0000000100000000)
  region size 1024K, 25 young (25600K), 1 survivors (1024K)
 Metaspace       used 17577K, capacity 18027K, committed 18304K, reserved 1064960K
  class space    used 1918K, capacity 2116K, committed 2176K, reserved 1048576K
}
Event: 2.246 GC heap after
{Heap after GC invocations=3 (full 0):
 garbage-first heap   total 65536K, used 7518K [0x00000000c1c00000, 0x0000000100000000)
  region size 1024K, 3 young (3072K), 3 survivors (3072K)
 Metaspace       used 17577K, capacity 18027K, committed 18304K, reserved 1064960K
  class space    used 1918K, capacity 2116K, committed 2176K, reserved 1048576K
}
Event: 2.536 GC heap before
{Heap before GC invocations=3 (full 0):
 garbage-first heap   total 65536K, used 22878K [0x00000000c1c00000, 0x0000000100000000)
  region size 1024K, 19 young (19456K), 3 survivors (3072K)
 Metaspace       used 20682K, capacity 21117K, committed 21248K, reserved 1069056K
  class space    used 2257K, capacity 2442K, committed 2560K, reserved 1048576K
}
Event: 2.540 GC heap after
{Heap after GC invocations=4 (full 0):
 garbage-first heap   total 65536K, used 8065K [0x00000000c1c00000, 0x0000000100000000)
  region size 1024K, 2 young (2048K), 2 survivors (2048K)
 Metaspace       used 20682K, capacity 21117K, committed 21248K, reserved 1069056K
  class space    used 2257K, capacity 2442K, committed 2560K, reserved 1048576K
}
Event: 3.063 GC heap before
{Heap before GC invocations=5 (full 0):
 garbage-first heap   total 65536K, used 36737K [0x00000000c1c00000, 0x0000000100000000)
  region size 1024K, 31 young (31744K), 2 survivors (2048K)
 Metaspace       used 23734K, capacity 24264K, committed 24448K, reserved 1071104K
  class space    used 2674K, capacity 2894K, committed 2944K, reserved 1048576K
}
Event: 3.070 GC heap after
{Heap after GC invocations=6 (full 0):
 garbage-first heap   total 65536K, used 8985K [0x00000000c1c00000, 0x0000000100000000)
  region size 1024K, 3 young (3072K), 3 survivors (3072K)
 Metaspace       used 23734K, capacity 24264K, committed 24448K, reserved 1071104K
  class space    used 2674K, capacity 2894K, committed 2944K, reserved 1048576K
}
Event: 3.202 GC heap before
{Heap before GC invocations=6 (full 0):
 garbage-first heap   total 65536K, used 39705K [0x00000000c1c00000, 0x0000000100000000)
  region size 1024K, 34 young (34816K), 3 survivors (3072K)
 Metaspace       used 24431K, capacity 25001K, committed 25344K, reserved 1071104K
  class space    used 2742K, capacity 2968K, committed 3072K, reserved 1048576K
}
Event: 3.208 GC heap after
{Heap after GC invocations=7 (full 0):
 garbage-first heap   total 65536K, used 9395K [0x00000000c1c00000, 0x0000000100000000)
  region size 1024K, 2 young (2048K), 2 survivors (2048K)
 Metaspace       used 24431K, capacity 25001K, committed 25344K, reserved 1071104K
  class space    used 2742K, capacity 2968K, committed 3072K, reserved 1048576K
}
Event: 4.271 GC heap before
{Heap before GC invocations=7 (full 0):
 garbage-first heap   total 65536K, used 45235K [0x00000000c1c00000, 0x0000000100000000)
  region size 1024K, 37 young (37888K), 2 survivors (2048K)
 Metaspace       used 30382K, capacity 31054K, committed 31104K, reserved 1077248K
  class space    used 3413K, capacity 3696K, committed 3712K, reserved 1048576K
}
Event: 4.282 GC heap after
{Heap after GC invocations=8 (full 0):
 garbage-first heap   total 78848K, used 10687K [0x00000000c1c00000, 0x0000000100000000)
  region size 1024K, 4 young (4096K), 4 survivors (4096K)
 Metaspace       used 30382K, capacity 31054K, committed 31104K, reserved 1077248K
  class space    used 3413K, capacity 3696K, committed 3712K, reserved 1048576K
}

