# JRE version: Java(TM) SE Runtime Environment 18.9 (11.0.8+10) (build 11.0.8+10-LTS)
# Java VM: Java HotSpot(TM) 64-Bit Server VM 18.9 (11.0.8+10-LTS, mixed mode, tiered, compressed oops, g1 gc, windows-amd64)
Heap:
 garbage-first heap   total 76800K, used 44661K [0x00000000c1c00000, 0x0000000100000000)
  region size 1024K, 33 young (33792K), 3 survivors (3072K)
 Metaspace       used 25908K, capacity 26423K, committed 26544K, reserved 1073152K
  class space    used 2591K, capacity 2807K, committed 2816K, reserved 1048576K
GC Heap History (10 events):
Event: 6.231 GC heap before
{Heap before GC invocations=6 (full 0):
 garbage-first heap   total 65536K, used 34131K [0x00000000c1c00000, 0x0000000100000000)
  region size 1024K, 26 young (26624K), 2 survivors (2048K)
 Metaspace       used 21127K, capacity 21440K, committed 21808K, reserved 1069056K
  class space    used 2216K, capacity 2318K, committed 2432K, reserved 1048576K
}
Event: 6.240 GC heap after
{Heap after GC invocations=7 (full 0):
 garbage-first heap   total 65536K, used 11072K [0x00000000c1c00000, 0x0000000100000000)
  region size 1024K, 3 young (3072K), 3 survivors (3072K)
 Metaspace       used 21127K, capacity 21440K, committed 21808K, reserved 1069056K
  class space    used 2216K, capacity 2318K, committed 2432K, reserved 1048576K
}
Event: 7.130 GC heap before
{Heap before GC invocations=7 (full 0):
 garbage-first heap   total 65536K, used 35648K [0x00000000c1c00000, 0x0000000100000000)
  region size 1024K, 28 young (28672K), 3 survivors (3072K)
 Metaspace       used 21702K, capacity 22080K, committed 22320K, reserved 1069056K
  class space    used 2244K, capacity 2358K, committed 2432K, reserved 1048576K
}
Event: 7.139 GC heap after
{Heap after GC invocations=8 (full 0):
 garbage-first heap   total 65536K, used 12200K [0x00000000c1c00000, 0x0000000100000000)
  region size 1024K, 3 young (3072K), 3 survivors (3072K)
 Metaspace       used 21702K, capacity 22080K, committed 22320K, reserved 1069056K
  class space    used 2244K, capacity 2358K, committed 2432K, reserved 1048576K
}
Event: 7.551 GC heap before
{Heap before GC invocations=8 (full 0):
 garbage-first heap   total 65536K, used 38824K [0x00000000c1c00000, 0x0000000100000000)
  region size 1024K, 10 young (10240K), 3 survivors (3072K)
 Metaspace       used 22550K, capacity 22916K, committed 23216K, reserved 1071104K
  class space    used 2331K, capacity 2490K, committed 2560K, reserved 1048576K
}
Event: 7.559 GC heap after
{Heap after GC invocations=9 (full 0):
 garbage-first heap   total 65536K, used 33650K [0x00000000c1c00000, 0x0000000100000000)
  region size 1024K, 3 young (3072K), 3 survivors (3072K)
 Metaspace       used 22550K, capacity 22916K, committed 23216K, reserved 1071104K
  class space    used 2331K, capacity 2490K, committed 2560K, reserved 1048576K
}
Event: 7.965 GC heap before
{Heap before GC invocations=10 (full 0):
 garbage-first heap   total 73728K, used 72562K [0x00000000c1c00000, 0x0000000100000000)
  region size 1024K, 13 young (13312K), 3 survivors (3072K)
 Metaspace       used 22781K, capacity 23109K, committed 23472K, reserved 1071104K
  class space    used 2339K, capacity 2490K, committed 2560K, reserved 1048576K
}
Event: 7.972 GC heap after
{Heap after GC invocations=11 (full 0):
 garbage-first heap   total 76800K, used 13446K [0x00000000c1c00000, 0x0000000100000000)
  region size 1024K, 2 young (2048K), 2 survivors (2048K)
 Metaspace       used 22781K, capacity 23109K, committed 23472K, reserved 1071104K
  class space    used 2339K, capacity 2490K, committed 2560K, reserved 1048576K
}
Event: 9.633 GC heap before
{Heap before GC invocations=11 (full 0):
 garbage-first heap   total 76800K, used 44166K [0x00000000c1c00000, 0x0000000100000000)
  region size 1024K, 32 young (32768K), 2 survivors (2048K)
 Metaspace       used 23708K, capacity 24167K, committed 24368K, reserved 1071104K
  class space    used 2389K, capacity 2565K, committed 2688K, reserved 1048576K
}
Event: 9.640 GC heap after
{Heap after GC invocations=12 (full 0):
 garbage-first heap   total 76800K, used 14965K [0x00000000c1c00000, 0x0000000100000000)
  region size 1024K, 3 young (3072K), 3 survivors (3072K)
 Metaspace       used 23708K, capacity 24167K, committed 24368K, reserved 1071104K
  class space    used 2389K, capacity 2565K, committed 2688K, reserved 1048576K
}

